This is e-pTeX, Version 3.14159265-p3.8.1-180226-2.6 (utf8.euc) (TeX Live 2018) (preloaded format=platex 2018.12.31)  17 DEC 2020 11:59
entering extended mode
 restricted \write18 enabled.
 file:line:error style messages enabled.
 %&-line parsing enabled.
**README.md
(./README.md
pLaTeX2e <2018-12-01> (based on LaTeX2e <2018-12-01>)

./README.md:1: LaTeX Error: Missing \begin{document}.

See the LaTeX manual or LaTeX Companion for explanation.
Type  H <return>  for immediate help.
 ...                                              
                                                  
l.1 <
     p align="center">
? 
./README.md:1: Emergency stop.
 ...                                              
                                                  
l.1 <
     p align="center">
You're in trouble here.  Try typing  <return>  to proceed.
If that doesn't work, type  X <return>  to quit.

 
Here is how much of TeX's memory you used:
 6 strings out of 493226
 172 string characters out of 6144094
 61821 words of memory out of 5000000
 4087 multiletter control sequences out of 15000+600000
 7511 words of font info for 31 fonts, out of 8000000 for 9000
 929 hyphenation exceptions out of 8191
 5i,0n,4p,30b,14s stack positions out of 5000i,500n,10000p,200000b,80000s
No pages of output.
